0 info it worked if it ends with ok
1 verbose cli [ '/home/benjamin/.nvm/versions/node/v6.2.0/bin/node',
1 verbose cli   '/home/benjamin/.nvm/versions/node/v6.2.0/bin/npm',
1 verbose cli   'run',
1 verbose cli   'test' ]
2 info using npm@3.8.9
3 info using node@v6.2.0
4 verbose run-script [ 'pretest', 'test', 'posttest' ]
5 info lifecycle ebay-promised@1.4.7~pretest: ebay-promised@1.4.7
6 silly lifecycle ebay-promised@1.4.7~pretest: no script for pretest, continuing
7 info lifecycle ebay-promised@1.4.7~test: ebay-promised@1.4.7
8 verbose lifecycle ebay-promised@1.4.7~test: unsafe-perm in lifecycle true
9 verbose lifecycle ebay-promised@1.4.7~test: PATH: /home/benjamin/.nvm/versions/node/v6.2.0/lib/node_modules/npm/bin/node-gyp-bin:/home/benjamin/dev/npm-modules/ebay-promised/node_modules/.bin:/home/benjamin/.nvm/versions/node/v6.2.0/bin:/home/benjamin/.rvm/gems/ruby-2.3.0/bin:/home/benjamin/.rvm/gems/ruby-2.3.0@global/bin:/home/benjamin/.rvm/rubies/ruby-2.3.0/bin:/home/benjamin/.nvm/versions/node/v6.2.0/bin:/usr/local/sbin:/usr/local/bin:/usr/sbin:/usr/bin:/sbin:/bin:/usr/games:/usr/local/games:/home/benjamin/bin:/home/benjamin/.rvm/bin
10 verbose lifecycle ebay-promised@1.4.7~test: CWD: /home/benjamin/dev/npm-modules/ebay-promised
11 silly lifecycle ebay-promised@1.4.7~test: Args: [ '-c',
11 silly lifecycle   'mocha --compilers js:babel-register --check-leaks -t 20000 ./test/*.spec.js' ]
12 silly lifecycle ebay-promised@1.4.7~test: Returned: code: 1  signal: null
13 info lifecycle ebay-promised@1.4.7~test: Failed to exec test script
14 verbose stack Error: ebay-promised@1.4.7 test: `mocha --compilers js:babel-register --check-leaks -t 20000 ./test/*.spec.js`
14 verbose stack Exit status 1
14 verbose stack     at EventEmitter.<anonymous> (/home/benjamin/.nvm/versions/node/v6.2.0/lib/node_modules/npm/lib/utils/lifecycle.js:245:16)
14 verbose stack     at emitTwo (events.js:106:13)
14 verbose stack     at EventEmitter.emit (events.js:191:7)
14 verbose stack     at ChildProcess.<anonymous> (/home/benjamin/.nvm/versions/node/v6.2.0/lib/node_modules/npm/lib/utils/spawn.js:24:14)
14 verbose stack     at emitTwo (events.js:106:13)
14 verbose stack     at ChildProcess.emit (events.js:191:7)
14 verbose stack     at maybeClose (internal/child_process.js:850:16)
14 verbose stack     at Process.ChildProcess._handle.onexit (internal/child_process.js:215:5)
15 verbose pkgid ebay-promised@1.4.7
16 verbose cwd /home/benjamin/dev/npm-modules/ebay-promised
17 error Linux 3.19.0-59-generic
18 error argv "/home/benjamin/.nvm/versions/node/v6.2.0/bin/node" "/home/benjamin/.nvm/versions/node/v6.2.0/bin/npm" "run" "test"
19 error node v6.2.0
20 error npm  v3.8.9
21 error code ELIFECYCLE
22 error ebay-promised@1.4.7 test: `mocha --compilers js:babel-register --check-leaks -t 20000 ./test/*.spec.js`
22 error Exit status 1
23 error Failed at the ebay-promised@1.4.7 test script 'mocha --compilers js:babel-register --check-leaks -t 20000 ./test/*.spec.js'.
23 error Make sure you have the latest version of node.js and npm installed.
23 error If you do, this is most likely a problem with the ebay-promised package,
23 error not with npm itself.
23 error Tell the author that this fails on your system:
23 error     mocha --compilers js:babel-register --check-leaks -t 20000 ./test/*.spec.js
23 error You can get information on how to open an issue for this project with:
23 error     npm bugs ebay-promised
23 error Or if that isn't available, you can get their info via:
23 error     npm owner ls ebay-promised
23 error There is likely additional logging output above.
24 verbose exit [ 1, true ]
